Total 1: 
{
|       General 1:   
|       {
|       |       Run: 1:   
|       |       {
|       |       |       Population: 1:   Population id: (0)
|       |       |       {
|       |       |       #       =============================================================================================================================================================================================================================================================================== 
|       |       |       #       | min_result                  | max_result                  | average_result              | min_work_time               | max_work_time               | average_work_time           | total_work_time             | num_improve                 | number_generations          |
|       |       |       #       |-----------------------------+-----------------------------+-----------------------------+-----------------------------+-----------------------------+-----------------------------+-----------------------------+-----------------------------+-----------------------------|
|       |       |       #       | 3.000000                    | 5.000000                    | 4.431937                    | 0.000000                    | 1.000000                    | 0.000052                    | 2.000000                    | 2.000000                    | 38751.000000                |
|       |       |       #       =============================================================================================================================================================================================================================================================================== 
|       |       |       }
|       |       |       
|       |       #       =========================================================================================================================================================================================================================================================================================================================================== 
|       |       #       | min_result                  | max_result                  | average_result              | min_work_time               | max_work_time               | average_work_time           | total_work_time             | num_populations             | min_num_improve             | max_num_improve             | average_num_improve         |
|       |       #       |-----------------------------+-----------------------------+-----------------------------+-----------------------------+-----------------------------+-----------------------------+-----------------------------+-----------------------------+-----------------------------+-----------------------------+-----------------------------|
|       |       #       | 5.000000                    | 5.000000                    | 5.000000                    | 2.000000                    | 2.000000                    | 2.000000                    | 2.000000                    | 1.000000                    | 2.000000                    | 2.000000                    | 2.000000                    |
|       |       #       =========================================================================================================================================================================================================================================================================================================================================== 
|       |       }
|       |       
|       #       ============================================================================================================================================================================================================================================================================================================= 
|       #       | min_result                  | max_result                  | average_result              | min_work_time               | max_work_time               | average_work_time           | total_work_time             | min_num_populations         | max_num_populations         | average_num_populations     |
|       #       |-----------------------------+-----------------------------+-----------------------------+-----------------------------+-----------------------------+-----------------------------+-----------------------------+-----------------------------+-----------------------------+-----------------------------|
|       #       | 5.000000                    | 5.000000                    | 5.000000                    | 2.000000                    | 2.000000                    | 2.000000                    | 2.000000                    | 1.000000                    | 1.000000                    | 1.000000                    |
|       #       ============================================================================================================================================================================================================================================================================================================= 
|       }
|       
}
