Total 3: Test: kp-test.txt | Dynamic res: 66741.7 | Greedy res: 66542.5 | Time: 3.00223m.
{
|       General 1:   Population size: 200 | Mutation rate: 1% | New rundom chromosome coef: 1% | Start population type: Rundom population | Population mutate type: All population | Train type: Pooling multiple populations | Max generations: 30 | Max work time: 60
|       {
|       |       Run: 1:   
|       |       {
|       |       #       =========================================================================================================================================================================================================================================================================================================================================== 
|       |       #       | min_result                  | max_result                  | average_result              | min_work_time               | max_work_time               | average_work_time           | total_work_time             | num_populations             | min_num_improve             | max_num_improve             | average_num_improve         |
|       |       #       |-----------------------------+-----------------------------+-----------------------------+-----------------------------+-----------------------------+-----------------------------+-----------------------------+-----------------------------+-----------------------------+-----------------------------+-----------------------------|
|       |       #       | 47858.673000                | 53353.361700                | 50678.892453                | 2100.000000                 | 6870.000000                 | 3372.133333                 | 50582.000000                | 15.000000                   | 2.000000                    | 39.000000                   | 14.800000                   |
|       |       #       =========================================================================================================================================================================================================================================================================================================================================== 
|       |       }
|       |       
|       #       ============================================================================================================================================================================================================================================================================================================= 
|       #       | min_result                  | max_result                  | average_result              | min_work_time               | max_work_time               | average_work_time           | total_work_time             | min_num_populations         | max_num_populations         | average_num_populations     |
|       #       |-----------------------------+-----------------------------+-----------------------------+-----------------------------+-----------------------------+-----------------------------+-----------------------------+-----------------------------+-----------------------------+-----------------------------|
|       #       | 53353.361700                | 53353.361700                | 53353.361700                | 50582.000000                | 50582.000000                | 50582.000000                | 50582.000000                | 15.000000                   | 15.000000                   | 15.000000                   |
|       #       ============================================================================================================================================================================================================================================================================================================= 
|       }
|       
|       General 2:   Population size: 200 | Mutation rate: 1% | New rundom chromosome coef: 1% | Start population type: Rundom population | Population mutate type: All population | Train type: Evolution one population | Max generations: 30 | Max work time: 60
|       {
|       |       Run: 1:   
|       |       {
|       |       #       =========================================================================================================================================================================================================================================================================================================================================== 
|       |       #       | min_result                  | max_result                  | average_result              | min_work_time               | max_work_time               | average_work_time           | total_work_time             | num_populations             | min_num_improve             | max_num_improve             | average_num_improve         |
|       |       #       |-----------------------------+-----------------------------+-----------------------------+-----------------------------+-----------------------------+-----------------------------+-----------------------------+-----------------------------+-----------------------------+-----------------------------+-----------------------------|
|       |       #       | 53935.301000                | 53935.301000                | 53935.301000                | 47733.000000                | 47733.000000                | 47733.000000                | 47733.000000                | 1.000000                    | 17.000000                   | 17.000000                   | 17.000000                   |
|       |       #       =========================================================================================================================================================================================================================================================================================================================================== 
|       |       }
|       |       
|       #       ============================================================================================================================================================================================================================================================================================================= 
|       #       | min_result                  | max_result                  | average_result              | min_work_time               | max_work_time               | average_work_time           | total_work_time             | min_num_populations         | max_num_populations         | average_num_populations     |
|       #       |-----------------------------+-----------------------------+-----------------------------+-----------------------------+-----------------------------+-----------------------------+-----------------------------+-----------------------------+-----------------------------+-----------------------------|
|       #       | 53935.301000                | 53935.301000                | 53935.301000                | 47733.000000                | 47733.000000                | 47733.000000                | 47733.000000                | 1.000000                    | 1.000000                    | 1.000000                    |
|       #       ============================================================================================================================================================================================================================================================================================================= 
|       }
|       
|       General 3:   Population size: 200 | Mutation rate: 1% | New rundom chromosome coef: 1% | Start population type: Rundom population | Population mutate type: All population | Train type: Evolution multiple populations | Max generations: 30 | Max work time: 60
|       {
|       |       Run: 1:   
|       |       {
|       |       #       =========================================================================================================================================================================================================================================================================================================================================== 
|       |       #       | min_result                  | max_result                  | average_result              | min_work_time               | max_work_time               | average_work_time           | total_work_time             | num_populations             | min_num_improve             | max_num_improve             | average_num_improve         |
|       |       #       |-----------------------------+-----------------------------+-----------------------------+-----------------------------+-----------------------------+-----------------------------+-----------------------------+-----------------------------+-----------------------------+-----------------------------+-----------------------------|
|       |       #       | 39806.438800                | 54780.945000                | 50824.823263                | 727.000000                  | 5741.000000                 | 2512.789474                 | 47743.000000                | 19.000000                   | 6.000000                    | 43.000000                   | 19.052632                   |
|       |       #       =========================================================================================================================================================================================================================================================================================================================================== 
|       |       }
|       |       
|       #       ============================================================================================================================================================================================================================================================================================================= 
|       #       | min_result                  | max_result                  | average_result              | min_work_time               | max_work_time               | average_work_time           | total_work_time             | min_num_populations         | max_num_populations         | average_num_populations     |
|       #       |-----------------------------+-----------------------------+-----------------------------+-----------------------------+-----------------------------+-----------------------------+-----------------------------+-----------------------------+-----------------------------+-----------------------------|
|       #       | 54780.945000                | 54780.945000                | 54780.945000                | 47743.000000                | 47743.000000                | 47743.000000                | 47743.000000                | 19.000000                   | 19.000000                   | 19.000000                   |
|       #       ============================================================================================================================================================================================================================================================================================================= 
|       }
|       
}
